<?xml version="1.0" encoding="UTF-8"?>
<!-- Generated by org.testng.reporters.JUnitReportReporter -->
<testsuite hostname="apples-MacBook-Pro-2.local" failures="0" tests="1" name="com.qacart.base.Base" time="26.292" errors="0" timestamp="2022-04-03T13:22:01 EET" skipped="0">
  <testcase classname="com.qacart.base.Base" name="beforeClass" time="26.292"/>
  <system-out/>
</testsuite> <!-- com.qacart.base.Base -->
