<?xml version="1.0" encoding="UTF-8"?>
<!-- Generated by org.testng.reporters.JUnitReportReporter -->
<testsuite hostname="apples-MacBook-Pro-2.local" failures="0" tests="2" name="com.qacart.testcases.Reports" time="0.009" errors="0" timestamp="2022-04-13T11:33:22 EET" skipped="0">
  <testcase classname="com.qacart.testcases.Reports" name="test1" time="0.007"/>
  <system-out/>
  <testcase classname="com.qacart.testcases.Reports" name="test2" time="0.002"/>
  <system-out/>
</testsuite> <!-- com.qacart.testcases.Reports -->
